<?xml version="1.0" encoding="utf-8"?>
<TestRun id="fc67bfef-9b86-4300-b5ac-679ec9560a98" name="ASISTENTE-TEIN@DESKTOP-8S7B0KM 2025-10-02 10:49:58" runUser="DESKTOP-8S7B0KM\ASISTENTE-TEIN" xmlns="http://microsoft.com/schemas/VisualStudio/TeamTest/2010">
  <Times creation="2025-10-02T10:49:58.3268753-05:00" queuing="2025-10-02T10:49:58.3268757-05:00" start="2025-10-02T10:49:56.9574646-05:00" finish="2025-10-02T10:49:58.3369102-05:00" />
  <TestSettings name="default" id="cdffeced-812b-40a4-863a-eb9481e98b9e">
    <Deployment runDeploymentRoot="ASISTENTE-TEIN_DESKTOP-8S7B0KM_2025-10-02_10_49_58" />
  </TestSettings>
  <Results>
    <UnitTestResult executionId="25e96f9f-7acd-4bd8-8fc7-010573dc8ccd" testId="b5cb32a3-6c55-d0ac-9140-408609a527b8" testName="GivenCreditTypePlatinumChoosen_WhenRequestCreditCard_ThenNewValidCreditCard" computerName="DESKTOP-8S7B0KM" duration="00:00:00.0093050" startTime="2025-10-02T10:49:57.9119466-05:00" endTime="2025-10-02T10:49:57.9211770-05:00" testType="13cdc9d9-ddb5-4fa4-a97d-d965ccfc6d4b" outcome="Passed" testListId="8c84fa94-04c1-424b-9868-57a2d4851a1d" relativeResultsDirectory="25e96f9f-7acd-4bd8-8fc7-010573dc8ccd" />
    <UnitTestResult executionId="ce104ad9-fbbd-48af-a361-6f4bb0ebbff2" testId="fccd3942-1ac7-aa11-288a-efcef374f50d" testName="GivenCreditTypeSelected_WhenRequestCreditCard_ThenNewValidCreditCard" computerName="DESKTOP-8S7B0KM" duration="00:00:00.0007060" startTime="2025-10-02T10:49:57.9226380-05:00" endTime="2025-10-02T10:49:57.9233440-05:00" testType="13cdc9d9-ddb5-4fa4-a97d-d965ccfc6d4b" outcome="Passed" testListId="8c84fa94-04c1-424b-9868-57a2d4851a1d" relativeResultsDirectory="ce104ad9-fbbd-48af-a361-6f4bb0ebbff2" />
    <UnitTestResult executionId="6cae743b-0ce3-4174-ac18-a765d13453d8" testId="0efc0b29-bcba-6255-80b9-4ea7c75d46bc" testName="Test1" computerName="DESKTOP-8S7B0KM" duration="00:00:00.0338700" startTime="2025-10-02T10:49:57.9305552-05:00" endTime="2025-10-02T10:49:57.9644247-05:00" testType="13cdc9d9-ddb5-4fa4-a97d-d965ccfc6d4b" outcome="Passed" testListId="8c84fa94-04c1-424b-9868-57a2d4851a1d" relativeResultsDirectory="6cae743b-0ce3-4174-ac18-a765d13453d8" />
    <UnitTestResult executionId="3c3c4b36-76f9-41d8-a62a-0b3d99f5e5ef" testId="684f159e-4205-dcff-6519-ffced3a90986" testName="GivenCreditTypeTitaniumChoosen_WhenRequestCreditCard_ThenNewValidCreditCard" computerName="DESKTOP-8S7B0KM" duration="00:00:00.0029489" startTime="2025-10-02T10:49:57.9233637-05:00" endTime="2025-10-02T10:49:57.9263117-05:00" testType="13cdc9d9-ddb5-4fa4-a97d-d965ccfc6d4b" outcome="Passed" testListId="8c84fa94-04c1-424b-9868-57a2d4851a1d" relativeResultsDirectory="3c3c4b36-76f9-41d8-a62a-0b3d99f5e5ef" />
  </Results>
  <TestDefinitions>
    <UnitTest name="GivenCreditTypeSelected_WhenRequestCreditCard_ThenNewValidCreditCard" storage="c:\repos\lab-2025-ii-pds-u2-01-cs-gabrielfmh\bank\bank.domain.tests\bin\debug\net8.0\bank.domain.tests.dll" id="fccd3942-1ac7-aa11-288a-efcef374f50d">
      <Execution id="ce104ad9-fbbd-48af-a361-6f4bb0ebbff2" />
      <TestMethod codeBase="c:\repos\lab-2025-ii-pds-u2-01-cs-GabrielFMH\Bank\Bank.Domain.Tests\bin\Debug\net8.0\Bank.Domain.Tests.dll" adapterTypeName="executor://nunit3testexecutor/" className="Bank.Domain.Tests.CreditCardTests" name="GivenCreditTypeSelected_WhenRequestCreditCard_ThenNewValidCreditCard" />
    </UnitTest>
    <UnitTest name="Test1" storage="c:\repos\lab-2025-ii-pds-u2-01-cs-gabrielfmh\bank\bank.domain.tests\bin\debug\net8.0\bank.domain.tests.dll" id="0efc0b29-bcba-6255-80b9-4ea7c75d46bc">
      <Execution id="6cae743b-0ce3-4174-ac18-a765d13453d8" />
      <TestMethod codeBase="c:\repos\lab-2025-ii-pds-u2-01-cs-GabrielFMH\Bank\Bank.Domain.Tests\bin\Debug\net8.0\Bank.Domain.Tests.dll" adapterTypeName="executor://nunit3testexecutor/" className="Bank.Domain.Tests.Tests" name="Test1" />
    </UnitTest>
    <UnitTest name="GivenCreditTypePlatinumChoosen_WhenRequestCreditCard_ThenNewValidCreditCard" storage="c:\repos\lab-2025-ii-pds-u2-01-cs-gabrielfmh\bank\bank.domain.tests\bin\debug\net8.0\bank.domain.tests.dll" id="b5cb32a3-6c55-d0ac-9140-408609a527b8">
      <Execution id="25e96f9f-7acd-4bd8-8fc7-010573dc8ccd" />
      <TestMethod codeBase="c:\repos\lab-2025-ii-pds-u2-01-cs-GabrielFMH\Bank\Bank.Domain.Tests\bin\Debug\net8.0\Bank.Domain.Tests.dll" adapterTypeName="executor://nunit3testexecutor/" className="Bank.Domain.Tests.CreditCardTests" name="GivenCreditTypePlatinumChoosen_WhenRequestCreditCard_ThenNewValidCreditCard" />
    </UnitTest>
    <UnitTest name="GivenCreditTypeTitaniumChoosen_WhenRequestCreditCard_ThenNewValidCreditCard" storage="c:\repos\lab-2025-ii-pds-u2-01-cs-gabrielfmh\bank\bank.domain.tests\bin\debug\net8.0\bank.domain.tests.dll" id="684f159e-4205-dcff-6519-ffced3a90986">
      <Execution id="3c3c4b36-76f9-41d8-a62a-0b3d99f5e5ef" />
      <TestMethod codeBase="c:\repos\lab-2025-ii-pds-u2-01-cs-GabrielFMH\Bank\Bank.Domain.Tests\bin\Debug\net8.0\Bank.Domain.Tests.dll" adapterTypeName="executor://nunit3testexecutor/" className="Bank.Domain.Tests.CreditCardTests" name="GivenCreditTypeTitaniumChoosen_WhenRequestCreditCard_ThenNewValidCreditCard" />
    </UnitTest>
  </TestDefinitions>
  <TestEntries>
    <TestEntry testId="b5cb32a3-6c55-d0ac-9140-408609a527b8" executionId="25e96f9f-7acd-4bd8-8fc7-010573dc8ccd" testListId="8c84fa94-04c1-424b-9868-57a2d4851a1d" />
    <TestEntry testId="fccd3942-1ac7-aa11-288a-efcef374f50d" executionId="ce104ad9-fbbd-48af-a361-6f4bb0ebbff2" testListId="8c84fa94-04c1-424b-9868-57a2d4851a1d" />
    <TestEntry testId="0efc0b29-bcba-6255-80b9-4ea7c75d46bc" executionId="6cae743b-0ce3-4174-ac18-a765d13453d8" testListId="8c84fa94-04c1-424b-9868-57a2d4851a1d" />
    <TestEntry testId="684f159e-4205-dcff-6519-ffced3a90986" executionId="3c3c4b36-76f9-41d8-a62a-0b3d99f5e5ef" testListId="8c84fa94-04c1-424b-9868-57a2d4851a1d" />
  </TestEntries>
  <TestLists>
    <TestList name="Resultados sin formato de lista" id="8c84fa94-04c1-424b-9868-57a2d4851a1d" />
    <TestList name="Todos los resultados cargados" id="19431567-8539-422a-85d7-44ee4e166bda" />
  </TestLists>
  <ResultSummary outcome="Completed">
    <Counters total="4" executed="4" passed="4" failed="0" error="0" timeout="0" aborted="0" inconclusive="0" passedButRunAborted="0" notRunnable="0" notExecuted="0" disconnected="0" warning="0" completed="0" inProgress="0" pending="0" />
    <Output>
      <StdOut>NUnit Adapter 4.6.0.0: Test execution started&#xD;
Running all tests in c:\repos\lab-2025-ii-pds-u2-01-cs-GabrielFMH\Bank\Bank.Domain.Tests\bin\Debug\net8.0\Bank.Domain.Tests.dll&#xD;
   NUnit3TestExecutor discovered 4 of 4 NUnit test cases using Current Discovery mode, Non-Explicit run&#xD;
NUnit Adapter 4.6.0.0: Test execution complete&#xD;
</StdOut>
    </Output>
  </ResultSummary>
</TestRun>